<?xml version="1.0" encoding="UTF-8"?>
<testng-results skipped="0" failed="0" total="1" passed="1">
  <reporter-output>
  </reporter-output>
  <suite name="TestNG POC" duration-ms="21" started-at="2019-04-15T12:58:10Z" finished-at="2019-04-15T12:58:10Z">
    <groups>
    </groups>
    <test name="Demo" duration-ms="21" started-at="2019-04-15T12:58:10Z" finished-at="2019-04-15T12:58:10Z">
      <class name="sample.Warning_Label_AmericanSpirits_001">
        <test-method status="PASS" signature="testjobs()[pri:0, instance:sample.Warning_Label_AmericanSpirits_001@1e67b872]" name="testjobs" duration-ms="5" started-at="2019-04-15T18:28:10Z" finished-at="2019-04-15T18:28:10Z">
          <reporter-output>
          </reporter-output>
        </test-method> <!-- testjobs -->
      </class> <!-- sample.Warning_Label_AmericanSpirits_001 -->
    </test> <!-- Demo -->
  </suite> <!-- TestNG POC -->
</testng-results>
